{"C:\\Users\\ratho\\OneDrive\\Desktop\\Web Development\\React\\React-learning\\src\\Components\\Contect.js": {"path":"C:\\Users\\ratho\\OneDrive\\Desktop\\Web Development\\React\\React-learning\\src\\Components\\Contect.js","statementMap":{"0":{"start":{"line":1,"column":16},"end":{"line":31,"column":1}},"1":{"start":{"line":2,"column":2},"end":{"line":30,"column":4}}},"fnMap":{"0":{"name":"(anonymous_0)","decl":{"start":{"line":1,"column":16},"end":{"line":1,"column":17}},"loc":{"start":{"line":1,"column":22},"end":{"line":31,"column":1}},"line":1}},"branchMap":{},"s":{"0":1,"1":2},"f":{"0":2},"b":{},"_coverageSchema":"1a1c01bbd47fc00a2c39e90264f33305004495a9","hash":"8b0b48a01ebc64e37889344bd5c0006694fb568e"}
,"C:\\Users\\ratho\\OneDrive\\Desktop\\Web Development\\React\\React-learning\\src\\Components\\sum.js": {"path":"C:\\Users\\ratho\\OneDrive\\Desktop\\Web Development\\React\\React-learning\\src\\Components\\sum.js","statementMap":{"0":{"start":{"line":1,"column":19},"end":{"line":3,"column":1}},"1":{"start":{"line":2,"column":2},"end":{"line":2,"column":15}}},"fnMap":{"0":{"name":"(anonymous_0)","decl":{"start":{"line":1,"column":19},"end":{"line":1,"column":20}},"loc":{"start":{"line":1,"column":29},"end":{"line":3,"column":1}},"line":1}},"branchMap":{},"s":{"0":1,"1":1},"f":{"0":1},"b":{},"_coverageSchema":"1a1c01bbd47fc00a2c39e90264f33305004495a9","hash":"272b5db878d740f4003f0956f6edcc14f9d0cdb2"}
}
